<?xml version="1.0" encoding="UTF-8"?>
<testsuite xmlns:xsi="http://www.w3.org/2001/XMLSchema-instance" xsi:noNamespaceSchemaLocation="https://maven.apache.org/surefire/maven-surefire-plugin/xsd/surefire-test-report-3.0.xsd" version="3.0" name="project.tdlogistics.agency_company.entities.AgencyCompanyTest" time="0.0" tests="8" errors="0" skipped="0" failures="0">
  <properties>
[...]
</properties>
  <testcase name="setLicense" classname="project.tdlogistics.agency_company.entities.AgencyCompanyTest" time="0.0"/>
  <testcase name="getCompanyName" classname="project.tdlogistics.agency_company.entities.AgencyCompanyTest" time="0.0"/>
  <testcase name="setAgencyId" classname="project.tdlogistics.agency_company.entities.AgencyCompanyTest" time="0.0"/>
  <testcase name="getAgencyId" classname="project.tdlogistics.agency_company.entities.AgencyCompanyTest" time="0.0"/>
  <testcase name="getTaxNumber" classname="project.tdlogistics.agency_company.entities.AgencyCompanyTest" time="0.0"/>
  <testcase name="setTaxNumber" classname="project.tdlogistics.agency_company.entities.AgencyCompanyTest" time="0.0"/>
  <testcase name="getLicense" classname="project.tdlogistics.agency_company.entities.AgencyCompanyTest" time="0.0"/>
  <testcase name="setCompanyName" classname="project.tdlogistics.agency_company.entities.AgencyCompanyTest" time="0.0"/>
</testsuite>