<?xml version="1.0" encoding="UTF-8"?>
<testsuite xmlns:xsi="http://www.w3.org/2001/XMLSchema-instance" xsi:noNamespaceSchemaLocation="https://maven.apache.org/surefire/maven-surefire-plugin/xsd/surefire-test-report-3.0.xsd" version="3.0" name="project.tdlogistics.agency_company.DemoApplicationTests" time="8.66" tests="1" errors="0" skipped="0" failures="0">
  <properties>
[...]
</properties>
  <testcase name="contextLoads" classname="project.tdlogistics.agency_company.DemoApplicationTests" time="0.612">
    <system-out><![CDATA[
  .   ____          _            __ _ _
 /\\ / ___'_ __ _ _(_)_ __  __ _ \ \ \ \
( ( )\___ | '_ | '_| | '_ \/ _` | \ \ \ \
 \\/  ___)| |_)| | | | | || (_| |  ) ) ) )
  '  |____| .__|_| |_|_| |_\__, | / / / /
 =========|_|==============|___/=/_/_/_/
 :: Spring Boot ::                (v3.2.5)

2024-06-06T10:43:36.772+07:00  INFO 4692 --- [administrative_service] [           main] p.t.agency_company.DemoApplicationTests  : Starting DemoApplicationTests using Java 22.0.1 with PID 4692 (started by hotha in D:\Code\TDlogisticsv2\agency_company_service)
2024-06-06T10:43:36.775+07:00  INFO 4692 --- [administrative_service] [           main] p.t.agency_company.DemoApplicationTests  : No active profile set, falling back to 1 default profile: "default"
2024-06-06T10:43:37.981+07:00  INFO 4692 --- [administrative_service] [           main] .s.d.r.c.RepositoryConfigurationDelegate : Bootstrapping Spring Data JPA repositories in DEFAULT mode.
2024-06-06T10:43:38.068+07:00  INFO 4692 --- [administrative_service] [           main] .s.d.r.c.RepositoryConfigurationDelegate : Finished Spring Data repository scanning in 81 ms. Found 5 JPA repository interfaces.
2024-06-06T10:43:38.827+07:00  INFO 4692 --- [administrative_service] [           main] o.hibernate.jpa.internal.util.LogHelper  : HHH000204: Processing PersistenceUnitInfo [name: default]
2024-06-06T10:43:38.941+07:00  INFO 4692 --- [administrative_service] [           main] org.hibernate.Version                    : HHH000412: Hibernate ORM core version 6.4.4.Final
2024-06-06T10:43:39.016+07:00  INFO 4692 --- [administrative_service] [           main] o.h.c.internal.RegionFactoryInitiator    : HHH000026: Second-level cache disabled
2024-06-06T10:43:39.439+07:00  INFO 4692 --- [administrative_service] [           main] o.s.o.j.p.SpringPersistenceUnitInfo      : No LoadTimeWeaver setup: ignoring JPA class transformer
2024-06-06T10:43:39.504+07:00  INFO 4692 --- [administrative_service] [           main] com.zaxxer.hikari.HikariDataSource       : HikariPool-1 - Starting...
2024-06-06T10:43:39.830+07:00  INFO 4692 --- [administrative_service] [           main] com.zaxxer.hikari.pool.HikariPool        : HikariPool-1 - Added connection com.mysql.cj.jdbc.ConnectionImpl@39ace1a7
2024-06-06T10:43:39.830+07:00  INFO 4692 --- [administrative_service] [           main] com.zaxxer.hikari.HikariDataSource       : HikariPool-1 - Start completed.
2024-06-06T10:43:39.919+07:00  WARN 4692 --- [administrative_service] [           main] org.hibernate.orm.deprecation            : HHH90000025: MySQLDialect does not need to be specified explicitly using 'hibernate.dialect' (remove the property setting and it will be selected by default)
2024-06-06T10:43:41.070+07:00  INFO 4692 --- [administrative_service] [           main] o.h.e.t.j.p.i.JtaPlatformInitiator       : HHH000489: No JTA platform available (set 'hibernate.transaction.jta.platform' to enable JTA platform integration)
2024-06-06T10:43:41.200+07:00  INFO 4692 --- [administrative_service] [           main] j.LocalContainerEntityManagerFactoryBean : Initialized JPA EntityManagerFactory for persistence unit 'default'
2024-06-06T10:43:41.794+07:00  INFO 4692 --- [administrative_service] [           main] o.s.d.j.r.query.QueryEnhancerFactory     : Hibernate is in classpath; If applicable, HQL parser will be used.
2024-06-06T10:43:42.699+07:00  WARN 4692 --- [administrative_service] [           main] JpaBaseConfiguration$JpaWebConfiguration : spring.jpa.open-in-view is enabled by default. Therefore, database queries may be performed during view rendering. Explicitly configure spring.jpa.open-in-view to disable this warning
2024-06-06T10:43:43.717+07:00  INFO 4692 --- [administrative_service] [           main] p.t.agency_company.DemoApplicationTests  : Started DemoApplicationTests in 7.548 seconds (process running for 8.694)
]]></system-out>
    <system-err><![CDATA[WARNING: A Java agent has been loaded dynamically (C:\Users\hotha\.m2\repository\net\bytebuddy\byte-buddy-agent\1.14.13\byte-buddy-agent-1.14.13.jar)
WARNING: If a serviceability tool is in use, please run with -XX:+EnableDynamicAgentLoading to hide this warning
WARNING: If a serviceability tool is not in use, please run with -Djdk.instrument.traceUsage for more information
WARNING: Dynamic loading of agents will be disallowed by default in a future release
]]></system-err>
  </testcase>
</testsuite>